Timestamp               Ty Process[PID:TID]
2026-06-07 17:00:55.363 Df KbpsLive[9196:1f9e9da] [com.apple.CFNetwork:Default] TCP Conn 0x600003318000 canceled
2026-06-07 17:00:55.363 Df KbpsLive[9196:1fe5cd9] [com.apple.network:connection] nw_socket_handle_socket_event [C148.1.1:1] Socket received READ_CLOSE event
2026-06-07 17:00:55.364 Df KbpsLive[9196:1fe5cd9] [com.apple.network:connection] [C148 2E8BF21C-46C6-4BE5-9A3B-08F22F864D4D Hostname#31cc1dee:8081 tcp, legacy-socket, definite, attribution: developer] cancel
2026-06-07 17:00:55.364 Df KbpsLive[9196:1fe5cd9] [com.apple.network:connection] [C148 2E8BF21C-46C6-4BE5-9A3B-08F22F864D4D Hostname#31cc1dee:8081 tcp, legacy-socket, definite, attribution: developer] cancelled
	[C148.1.1 0D562025-A930-4710-98C6-738AB107FCB9 ::1.58906<->IPv6#870d6aef.8081]
	Connected Path: satisfied (Path is satisfied), interface: lo0
	Privacy Stance: Not Eligible
	Duration: 401.066s, DNS @0.002s took 0.003s, TCP @0.006s took 0.001s
	bytes in/out: 1137/25503, packets in/out: 56/54, rtt: 0.001s, retransmitted bytes: 0, out-of-order bytes: 0
	ecn packets sent/acked/marked/lost: 0/0/0/0
2026-06-07 17:00:55.364 E  KbpsLive[9196:1fe5cd9] [com.apple.network:connection] nw_protocol_socket_set_no_wake_from_sleep [C148.1.1:1] setsockopt SO_NOWAKEFROMSLEEP failed [22: Invalid argument]
2026-06-07 17:00:55.364 E  KbpsLive[9196:1fe5cd9] [com.apple.network:] nw_protocol_socket_set_no_wake_from_sleep setsockopt SO_NOWAKEFROMSLEEP failed [22: Invalid argument]
2026-06-07 17:00:55.364 E  KbpsLive[9196:1fe5cd9] [com.apple.network:connection] nw_protocol_socket_set_no_wake_from_sleep [C148.1.1:1] setsockopt SO_NOWAKEFROMSLEEP failed [22: Invalid argument]
2026-06-07 17:00:55.364 E  KbpsLive[9196:1fe5cd9] [com.apple.network:] nw_protocol_socket_set_no_wake_from_sleep setsockopt SO_NOWAKEFROMSLEEP failed [22: Invalid argument]
2026-06-07 17:00:55.364 Df KbpsLive[9196:1fe5cd9] [com.apple.network:connection] nw_connection_report_state_with_handler_on_nw_queue [C148] reporting state cancelled
2026-06-07 17:00:55.629 Df KbpsLive[9196:1fe5cd9] (CoreAudio)   HALC_ProxyIOContext.cpp:3410   HALC_IOContext_ResumeIO(44060)
2026-06-07 17:00:55.630 Df KbpsLive[9196:1fe5e13] (CoreAudio)   HALC_ProxyIOContext.cpp:3410   HALC_IOContext_ResumeIO(44059)
2026-06-07 17:00:55.631 Df KbpsLive[9196:1fe5e12] (CoreAudio)   HALC_ProxyIOContext.cpp:1193   HALC_ProxyIOContext::ResumeIO: -> 0 2 2 id:44059 called from HALC_IOContext_ResumeIO
2026-06-07 17:00:55.631 Df KbpsLive[9196:1fe5dfd] (CoreAudio)   HALC_ProxyIOContext.cpp:1193   HALC_ProxyIOContext::ResumeIO: -> 0 2 2 id:44060 called from HALC_IOContext_ResumeIO
2026-06-07 17:00:55.631 Df KbpsLive[9196:1fe5dfd] (CoreAudio)   HALC_ProxyIOContext.cpp:1210   HALC_ProxyIOContext::ResumeIO: <- 0 1 1 id:44060 called from HALC_IOContext_ResumeIO
2026-06-07 17:00:55.632 Df KbpsLive[9196:1fe5e12] (CoreAudio)   HALC_ProxyIOContext.cpp:1210   HALC_ProxyIOContext::ResumeIO: <- 0 1 1 id:44059 called from HALC_IOContext_ResumeIO
2026-06-07 17:00:56.932 Df KbpsLive[9196:1fe5dfd] (CoreAudio)   HALC_ProxyIOContext.cpp:3410   HALC_IOContext_ResumeIO(44048)
2026-06-07 17:00:56.932 Df KbpsLive[9196:1fe5e12] (CoreAudio)   HALC_ProxyIOContext.cpp:3410   HALC_IOContext_ResumeIO(44049)
2026-06-07 17:00:56.932 Df KbpsLive[9196:1fe5e13] (CoreAudio)   HALC_ProxyIOContext.cpp:3410   HALC_IOContext_ResumeIO(44050)
2026-06-07 17:00:56.932 Df KbpsLive[9196:1fe5cd9] (CoreAudio)   HALC_ProxyIOContext.cpp:3410   HALC_IOContext_ResumeIO(44051)
2026-06-07 17:00:56.932 Df KbpsLive[9196:1fe5e11] (CoreAudio)   HALC_ProxyIOContext.cpp:3410   HALC_IOContext_ResumeIO(44053)
2026-06-07 17:00:56.932 Df KbpsLive[9196:1fe5dff] (CoreAudio)   HALC_ProxyIOContext.cpp:3410   HALC_IOContext_ResumeIO(44052)
2026-06-07 17:00:56.932 Df KbpsLive[9196:1fe5dfd] (CoreAudio)   HALC_ProxyIOContext.cpp:3410   HALC_IOContext_ResumeIO(44056)
2026-06-07 17:00:56.932 Df KbpsLive[9196:1fe5cd9] (CoreAudio)   HALC_ProxyIOContext.cpp:3410   HALC_IOContext_ResumeIO(44055)
2026-06-07 17:00:56.932 Df KbpsLive[9196:1fe5e12] (CoreAudio)   HALC_ProxyIOContext.cpp:1193   HALC_ProxyIOContext::ResumeIO: -> 0 1 1 id:44051 called from HALC_IOContext_ResumeIO
2026-06-07 17:00:56.932 Df KbpsLive[9196:1fe5e0f] (CoreAudio)   HALC_ProxyIOContext.cpp:3410   HALC_IOContext_ResumeIO(44054)
2026-06-07 17:00:56.932 Df KbpsLive[9196:1fe5dfd] (CoreAudio)   HALC_ProxyIOContext.cpp:1193   HALC_ProxyIOContext::ResumeIO: -> 0 1 1 id:44048 called from HALC_IOContext_ResumeIO
2026-06-07 17:00:56.932 Df KbpsLive[9196:1fe5e11] (CoreAudio)   HALC_ProxyIOContext.cpp:3410   HALC_IOContext_ResumeIO(44058)
2026-06-07 17:00:56.932 Df KbpsLive[9196:1fe5e12] (CoreAudio)   HALC_ProxyIOContext.cpp:1210   HALC_ProxyIOContext::ResumeIO: <- 0 0 0 id:44051 called from HALC_IOContext_ResumeIO
2026-06-07 17:00:56.932 Df KbpsLive[9196:1fe5e13] (CoreAudio)   HALC_ProxyIOContext.cpp:1193   HALC_ProxyIOContext::ResumeIO: -> 0 1 1 id:44050 called from HALC_IOContext_ResumeIO
2026-06-07 17:00:56.932 Df KbpsLive[9196:1fe5e07] (CoreAudio)   HALC_ProxyIOContext.cpp:3410   HALC_IOContext_ResumeIO(44057)
2026-06-07 17:00:56.932 Df KbpsLive[9196:1fe5e09] (CoreAudio)   HALC_ProxyIOContext.cpp:1193   HALC_ProxyIOContext::ResumeIO: -> 0 1 1 id:44053 called from HALC_IOContext_ResumeIO
2026-06-07 17:00:56.932 Df KbpsLive[9196:1fe5e05] (CoreAudio)   HALC_ProxyIOContext.cpp:1193   HALC_ProxyIOContext::ResumeIO: -> 0 1 1 id:44056 called from HALC_IOContext_ResumeIO
2026-06-07 17:00:56.932 Df KbpsLive[9196:1fe5e03] (CoreAudio)   HALC_ProxyIOContext.cpp:3410   HALC_IOContext_ResumeIO(44060)
2026-06-07 17:00:56.932 Df KbpsLive[9196:1fe5e0b] (CoreAudio)   HALC_ProxyIOContext.cpp:1193   HALC_ProxyIOContext::ResumeIO: -> 0 1 1 id:44049 called from HALC_IOContext_ResumeIO
2026-06-07 17:00:56.932 Df KbpsLive[9196:1fe5dfd] (CoreAudio)   HALC_ProxyIOContext.cpp:1210   HALC_ProxyIOContext::ResumeIO: <- 0 0 0 id:44048 called from HALC_IOContext_ResumeIO
2026-06-07 17:00:56.932 Df KbpsLive[9196:1fe5cda] (CoreAudio)   HALC_ProxyIOContext.cpp:3410   HALC_IOContext_ResumeIO(44059)
2026-06-07 17:00:56.932 Df KbpsLive[9196:1fe5e11] (CoreAudio)   HALC_ProxyIOContext.cpp:1193   HALC_ProxyIOContext::ResumeIO: -> 0 1 1 id:44058 called from HALC_IOContext_ResumeIO
2026-06-07 17:00:56.932 Df KbpsLive[9196:1fe5e13] (CoreAudio)   HALC_ProxyIOContext.cpp:1210   HALC_ProxyIOContext::ResumeIO: <- 0 0 0 id:44050 called from HALC_IOContext_ResumeIO
2026-06-07 17:00:56.932 Df KbpsLive[9196:1fe5e11] (CoreAudio)   HALC_ProxyIOContext.cpp:1210   HALC_ProxyIOContext::ResumeIO: <- 0 0 0 id:44058 called from HALC_IOContext_ResumeIO
2026-06-07 17:00:56.932 Df KbpsLive[9196:1fe5dfd] (CoreAudio)   HALC_ProxyIOContext.cpp:1193   HALC_ProxyIOContext::ResumeIO: -> 0 1 1 id:44052 called from HALC_IOContext_ResumeIO
2026-06-07 17:00:56.932 Df KbpsLive[9196:1fe5e0f] (CoreAudio)   HALC_ProxyIOContext.cpp:1193   HALC_ProxyIOContext::ResumeIO: -> 0 1 1 id:44054 called from HALC_IOContext_ResumeIO
2026-06-07 17:00:56.932 Df KbpsLive[9196:1fe5e0d] (CoreAudio)   HALC_ProxyIOContext.cpp:1193   HALC_ProxyIOContext::ResumeIO: -> 0 1 1 id:44055 called from HALC_IOContext_ResumeIO
2026-06-07 17:00:56.932 Df KbpsLive[9196:1fe5dff] (CoreAudio)   HALC_ProxyIOContext.cpp:1193   HALC_ProxyIOContext::ResumeIO: -> 0 1 1 id:44057 called from HALC_IOContext_ResumeIO
2026-06-07 17:00:56.932 Df KbpsLive[9196:1fe5dfd] (CoreAudio)   HALC_ProxyIOContext.cpp:1210   HALC_ProxyIOContext::ResumeIO: <- 0 0 0 id:44052 called from HALC_IOContext_ResumeIO
2026-06-07 17:00:56.932 Df KbpsLive[9196:1fe5cda] (CoreAudio)   HALC_ProxyIOContext.cpp:1193   HALC_ProxyIOContext::ResumeIO: -> 0 1 1 id:44059 called from HALC_IOContext_ResumeIO
2026-06-07 17:00:56.933 Df KbpsLive[9196:1fe5e0b] (CoreAudio)   HALC_ProxyIOContext.cpp:1210   HALC_ProxyIOContext::ResumeIO: <- 0 0 0 id:44049 called from HALC_IOContext_ResumeIO
2026-06-07 17:00:56.933 Df KbpsLive[9196:1fe5e03] (CoreAudio)   HALC_ProxyIOContext.cpp:1193   HALC_ProxyIOContext::ResumeIO: -> 0 1 1 id:44060 called from HALC_IOContext_ResumeIO
2026-06-07 17:00:56.933 Df KbpsLive[9196:1fe5e03] (CoreAudio)   HALC_ProxyIOContext.cpp:1210   HALC_ProxyIOContext::ResumeIO: <- 0 0 0 id:44060 called from HALC_IOContext_ResumeIO
2026-06-07 17:00:56.933 Df KbpsLive[9196:1fe5e09] (CoreAudio)   HALC_ProxyIOContext.cpp:1210   HALC_ProxyIOContext::ResumeIO: <- 0 0 0 id:44053 called from HALC_IOContext_ResumeIO
2026-06-07 17:00:56.933 Df KbpsLive[9196:1fe5e05] (CoreAudio)   HALC_ProxyIOContext.cpp:1210   HALC_ProxyIOContext::ResumeIO: <- 0 0 0 id:44056 called from HALC_IOContext_ResumeIO
2026-06-07 17:00:56.933 Df KbpsLive[9196:1fe5e0d] (CoreAudio)   HALC_ProxyIOContext.cpp:1210   HALC_ProxyIOContext::ResumeIO: <- 0 0 0 id:44055 called from HALC_IOContext_ResumeIO
2026-06-07 17:00:56.933 Df KbpsLive[9196:1fe5e0f] (CoreAudio)   HALC_ProxyIOContext.cpp:1210   HALC_ProxyIOContext::ResumeIO: <- 0 0 0 id:44054 called from HALC_IOContext_ResumeIO
2026-06-07 17:00:56.933 Df KbpsLive[9196:1fe5cda] (CoreAudio)   HALC_ProxyIOContext.cpp:1210   HALC_ProxyIOContext::ResumeIO: <- 0 0 0 id:44059 called from HALC_IOContext_ResumeIO
2026-06-07 17:00:56.934 Df KbpsLive[9196:1fe5dff] (CoreAudio)   HALC_ProxyIOContext.cpp:1210   HALC_ProxyIOContext::ResumeIO: <- 0 0 0 id:44057 called from HALC_IOContext_ResumeIO
2026-06-07 17:00:57.463 Df KbpsLive[9196:1f9e90b] [com.apple.CFNetwork:Default] TCP Conn [149:0x6000033e85a0] using empty proxy configuration
2026-06-07 17:00:57.463 Df KbpsLive[9196:1f9e90b] [com.apple.CFNetwork:Default] Stream client bypassing proxies on TCP Conn [149:0x6000033e85a0]
2026-06-07 17:00:57.463 Df KbpsLive[9196:1f9e90b] [com.apple.CFNetwork:Default] TCP Conn 0x6000033e85a0 started
2026-06-07 17:00:57.463 Df KbpsLive[9196:1fe5cda] [com.apple.network:connection] [C149 FEE96ED6-C8CD-476B-B8F6-D808610B3097 Hostname#31cc1dee:8081 tcp, definite, attribution: developer, context: Default Network Context (private), proc: B7D9E8DA-85FC-3E31-AD94-B1A9FD1976C8, delegated upid: 0, no proxy, prohibit fallback, allow socket access] start
2026-06-07 17:00:57.463 Df KbpsLive[9196:1fe5cda] [com.apple.network:connection] [C149 Hostname#31cc1dee:8081 initial parent-flow ((null))] event: path:start @0.000s
2026-06-07 17:00:57.463 Df KbpsLive[9196:1fe5cda] [com.apple.network:connection] [C149 Hostname#31cc1dee:8081 waiting parent-flow (satisfied (Path is satisfied), interface: en0[802.11], uses wifi, LQM: unknown)] event: path:satisfied @0.000s, uuid: 7523E3FF-D282-4FFE-8354-B2AF1C1BEA6F
2026-06-07 17:00:57.463 Df KbpsLive[9196:1fe5cda] [com.apple.network:connection] [C149 Hostname#31cc1dee:8081 in_progress parent-flow (satisfied (Path is satisfied), interface: en0[802.11], uses wifi, LQM: unknown)] event: flow:start_connect @0.000s
2026-06-07 17:00:57.463 Df KbpsLive[9196:1fe5cda] [com.apple.network:connection] nw_connection_report_state_with_handler_on_nw_queue [C149] reporting state preparing
2026-06-07 17:00:57.464 Df KbpsLive[9196:1fe5cda] [com.apple.network:connection] [C149 Hostname#31cc1dee:8081 in_progress parent-flow (satisfied (Path is satisfied), interface: en0[802.11], uses wifi, LQM: unknown)] event: flow:start_child @0.000s
2026-06-07 17:00:57.464 Df KbpsLive[9196:1fe5cda] [com.apple.network:connection] [C149.1 Hostname#31cc1dee:8081 initial path ((null))] event: path:start @0.000s
2026-06-07 17:00:57.464 Df KbpsLive[9196:1fe5cda] [com.apple.network:connection] [C149.1 Hostname#31cc1dee:8081 waiting path (satisfied (Path is satisfied), interface: en0[802.11], uses wifi, LQM: unknown)] event: path:satisfied @0.000s, uuid: 7523E3FF-D282-4FFE-8354-B2AF1C1BEA6F
2026-06-07 17:00:57.464 Df KbpsLive[9196:1fe5cda] [com.apple.network:connection] [C149.1 Hostname#31cc1dee:8081 in_progress resolver (satisfied (Path is satisfied), interface: en0[802.11], uses wifi, LQM: unknown)] event: resolver:start_dns @0.000s
2026-06-07 17:00:57.464 Df KbpsLive[9196:1fe5cda] [com.apple.network:connection] nw_endpoint_resolver_update [C149.1 Hostname#31cc1dee:8081 in_progress resolver (satisfied (Path is satisfied), interface: en0[802.11], uses wifi, LQM: unknown)] Adding endpoint handler for IPv6#870d6aef.8081
2026-06-07 17:00:57.464 Df KbpsLive[9196:1fe5cda] [com.apple.network:connection] nw_endpoint_resolver_update [C149.1 Hostname#31cc1dee:8081 in_progress resolver (satisfied (Path is satisfied), interface: en0[802.11], uses wifi, LQM: unknown)] Adding endpoint handler for IPv4#38e67494:8081
2026-06-07 17:00:57.464 Df KbpsLive[9196:1fe5cda] [com.apple.network:connection] [C149.1 Hostname#31cc1dee:8081 in_progress resolver (satisfied (Path is satisfied), interface: en0[802.11], uses wifi, LQM: unknown)] event: resolver:receive_dns @0.001s
2026-06-07 17:00:57.464 Df KbpsLive[9196:1fe5cda] [com.apple.network:connection] [C149.1.1 IPv6#870d6aef.8081 initial path ((null))] event: path:start @0.001s
2026-06-07 17:00:57.464 Df KbpsLive[9196:1fe5cda] [com.apple.network:connection] [C149.1.1 IPv6#870d6aef.8081 waiting path (satisfied (Path is satisfied), interface: lo0)] event: path:satisfied @0.001s, uuid: 0D562025-A930-4710-98C6-738AB107FCB9
2026-06-07 17:00:57.465 Df KbpsLive[9196:1fe5cda] [com.apple.network:connection] nw_socket_initialize_socket [C149.1.1:1] Not guarding fd 11
2026-06-07 17:00:57.465 Df KbpsLive[9196:1fe5cda] [com.apple.network:connection] [C149.1.1 IPv6#870d6aef.8081 in_progress socket-flow (satisfied (Path is satisfied), interface: lo0)] event: flow:start_connect @0.001s
2026-06-07 17:00:57.465 Df KbpsLive[9196:1fe5cda] [com.apple.network:connection] nw_socket_handle_socket_event [C149.1.1:1] Socket received CONNECTED event
2026-06-07 17:00:57.465 Df KbpsLive[9196:1fe5cda] [com.apple.network:connection] nw_flow_connected [C149.1.1 IPv6#870d6aef.8081 in_progress socket-flow (satisfied (Path is satisfied), interface: lo0)] Output protocol connected (socket)
2026-06-07 17:00:57.465 Df KbpsLive[9196:1fe5cda] [com.apple.network:connection] [C149.1.1 IPv6#870d6aef.8081 ready socket-flow (satisfied (Path is satisfied), interface: lo0)] event: flow:child_finish_connect @0.002s
2026-06-07 17:00:57.465 Df KbpsLive[9196:1fe5cda] [com.apple.network:connection] [C149.1 Hostname#31cc1dee:8081 ready resolver (satisfied (Path is satisfied), interface: en0[802.11], uses wifi, LQM: unknown)] event: flow:child_finish_connect @0.002s
2026-06-07 17:00:57.465 Df KbpsLive[9196:1fe5cda] [com.apple.network:connection] nw_flow_connected [C149 IPv6#870d6aef.8081 in_progress parent-flow (satisfied (Path is satisfied), interface: en0[802.11], uses wifi, LQM: unknown)] Output protocol connected (endpoint_flow)
2026-06-07 17:00:57.465 Df KbpsLive[9196:1fe5cda] [com.apple.network:connection] [C149 IPv6#870d6aef.8081 ready parent-flow (satisfied (Path is satisfied), interface: en0[802.11], uses wifi, LQM: unknown)] event: flow:finish_connect @0.002s
2026-06-07 17:00:57.465 Df KbpsLive[9196:1fe5cda] [com.apple.network:connection] nw_connection_report_state_with_handler_on_nw_queue [C149] reporting state ready
2026-06-07 17:00:57.465 Df KbpsLive[9196:1fe5dff] [com.apple.CFNetwork:Default] TCP Conn 0x6000033e85a0 event 1. err: 0
2026-06-07 17:00:57.465 Df KbpsLive[9196:1fe5dff] [com.apple.CFNetwork:Default] TCP Conn 0x6000033e85a0 complete. fd: 14, err: 0
2026-06-07 17:01:15.063 Df PosterBoard[6894:1fe60e7] [com.apple.PosterBoard:ReloadDescriptors] (<PBFPosterExtensionReloadDescriptorsOperation:0x102b425e0 com.apple.WatchFacesWallpaperSupport.Unity2025Poster>)  Abort timeout check; operation has already finished.
2026-06-07 17:01:15.064 Df PosterBoard[6894:1fe6361] [com.apple.PosterBoard:ReloadDescriptors] (<PBFPosterExtensionReloadDescriptorsOperation:0x102b49010 com.apple.ClockPoster.ClockPosterExtension>)  Abort timeout check; operation has already finished.
2026-06-07 17:01:15.071 Df PosterBoard[6894:1fe635f] [com.apple.PosterBoard:ReloadDescriptors] (<PBFPosterExtensionReloadDescriptorsOperation:0x104b44fd0 com.apple.PridePoster.PridePosterExtension>)  Abort timeout check; operation has already finished.
2026-06-07 17:01:15.079 Df PosterBoard[6894:1fe6364] [com.apple.PosterBoard:ReloadDescriptors] (<PBFPosterExtensionReloadDescriptorsOperation:0x104b183e0 com.apple.UnityPoster.UnityPosterExtension>)  Abort timeout check; operation has already finished.
2026-06-07 17:01:15.103 Df PosterBoard[6894:1fe6364] [com.apple.PosterBoard:ReloadDescriptors] (<PBFPosterExtensionReloadDescriptorsOperation:0x104b0dd00 com.apple.WatchFacesWallpaperSupport.ExtragalacticPoster>)  Abort timeout check; operation has already finished.
2026-06-07 17:01:15.110 Df PosterBoard[6894:1fe6361] [com.apple.PosterBoard:ReloadDescriptors] (<PBFPosterExtensionReloadDescriptorsOperation:0x104b27480 com.apple.MercuryPoster>)  Abort timeout check; operation has already finished.
2026-06-07 17:01:15.111 Df PosterBoard[6894:1fe60e7] [com.apple.PosterBoard:ReloadDescriptors] (<PBFPosterExtensionReloadDescriptorsOperation:0x102b383b0 com.apple.WallpaperKit.CollectionsPoster>)  Abort timeout check; operation has already finished.
2026-06-07 17:01:15.115 Df PosterBoard[6894:1fe635f] [com.apple.PosterBoard:ReloadDescriptors] (<PBFPosterExtensionReloadDescriptorsOperation:0x102b2dd70 com.apple.ambient.AmbientUI.InfographPoster>)  Abort timeout check; operation has already finished.
2026-06-07 17:01:15.121 Df PosterBoard[6894:1fe6372] [com.apple.PosterBoard:ReloadDescriptors] (<PBFPosterExtensionReloadDescriptorsOperation:0x104b195a0 com.apple.NanoUniverse.AegirProxyApp.AegirPoster>)  Abort timeout check; operation has already finished.
2026-06-07 17:01:15.163 Df PosterBoard[6894:1fe636c] [com.apple.PosterBoard:ReloadDescriptors] (<PBFPosterExtensionReloadDescriptorsOperation:0x102a31e20 com.apple.GradientPoster.GradientPosterExtension>)  Abort timeout check; operation has already finished.
2026-06-07 17:01:15.167 Df PosterBoard[6894:1fe635f] [com.apple.PosterBoard:ReloadDescriptors] (<PBFPosterExtensionReloadDescriptorsOperation:0x102a40e60 com.apple.PhotosUIPrivate.PhotosAmbientPosterProvider>)  Abort timeout check; operation has already finished.
2026-06-07 17:01:15.176 Df PosterBoard[6894:1fe6365] [com.apple.PosterBoard:DataStore] (7FA8B01} Aborting update of active configurations for PRPosterRoleAmbient; no change needed
2026-06-07 17:01:15.194 Df PosterBoard[6894:1fe6362] [com.apple.PosterBoard:ReloadDescriptors] (<PBFPosterExtensionReloadDescriptorsOperation:0x104c0f780 com.apple.EmojiPoster.EmojiPosterExtension>)  Abort timeout check; operation has already finished.
2026-06-07 17:01:15.215 Df PosterBoard[6894:1fe6365] [com.apple.PosterBoard:DataStore] (BD97B20} Aborting update of active configurations for PRPosterRoleAmbient; no change needed
2026-06-07 17:01:16.398 Df PosterBoard[6894:1fe6366] [com.apple.PosterBoard:ReloadDescriptors] (<PBFPosterExtensionReloadDescriptorsOperation:0x102b076e0 com.apple.PhotosUIPrivate.PhotosPosterProvider>)  Abort timeout check; operation has already finished.
2026-06-07 17:01:40.639 Df KbpsLive[9196:1fe6442] (CoreAudio)   HALC_ProxyIOContext.cpp:3376   HALC_IOContext_PauseIO(44059)
2026-06-07 17:01:40.640 Df KbpsLive[9196:1fe6442] (CoreAudio)   HALC_ProxyIOContext.cpp:1146   HALC_ProxyIOContext::PauseIO: -> 0 0 0, id:44059 called from HALC_IOContext_PauseIO
2026-06-07 17:01:40.640 Df KbpsLive[9196:1fe6442] (CoreAudio)   HALC_ProxyIOContext.cpp:1159   HALC_ProxyIOContext::PauseIO: <- 0 1 1, id:44059 called from HALC_IOContext_PauseIO
2026-06-07 17:01:40.745 Df KbpsLive[9196:1fe5dff] (CoreAudio)   HALC_ProxyIOContext.cpp:3376   HALC_IOContext_PauseIO(44060)
2026-06-07 17:01:40.745 Df KbpsLive[9196:1fe5dff] (CoreAudio)   HALC_ProxyIOContext.cpp:1146   HALC_ProxyIOContext::PauseIO: -> 0 0 0, id:44060 called from HALC_IOContext_PauseIO
2026-06-07 17:01:40.745 Df KbpsLive[9196:1fe5dff] (CoreAudio)   HALC_ProxyIOContext.cpp:1159   HALC_ProxyIOContext::PauseIO: <- 0 1 1, id:44060 called from HALC_IOContext_PauseIO
2026-06-07 17:01:41.961 Df KbpsLive[9196:1fe5dff] (CoreAudio)   HALC_ProxyIOContext.cpp:3376   HALC_IOContext_PauseIO(44048)
2026-06-07 17:01:41.961 Df KbpsLive[9196:1fe5dff] (CoreAudio)   HALC_ProxyIOContext.cpp:3376   HALC_IOContext_PauseIO(44050)
2026-06-07 17:01:41.961 Df KbpsLive[9196:1fe5dff] (CoreAudio)   HALC_ProxyIOContext.cpp:3376   HALC_IOContext_PauseIO(44049)
2026-06-07 17:01:41.961 Df KbpsLive[9196:1fe5dff] (CoreAudio)   HALC_ProxyIOContext.cpp:3376   HALC_IOContext_PauseIO(44058)
2026-06-07 17:01:41.961 Df KbpsLive[9196:1fe5dff] (CoreAudio)   HALC_ProxyIOContext.cpp:3376   HALC_IOContext_PauseIO(44057)
2026-06-07 17:01:41.961 Df KbpsLive[9196:1fe5dff] (CoreAudio)   HALC_ProxyIOContext.cpp:3376   HALC_IOContext_PauseIO(44054)
2026-06-07 17:01:41.961 Df KbpsLive[9196:1fe5dff] (CoreAudio)   HALC_ProxyIOContext.cpp:3376   HALC_IOContext_PauseIO(44053)
2026-06-07 17:01:41.961 Df KbpsLive[9196:1fe6442] (CoreAudio)   HALC_ProxyIOContext.cpp:3376   HALC_IOContext_PauseIO(44056)
2026-06-07 17:01:41.962 Df KbpsLive[9196:1fe6575] (CoreAudio)   HALC_ProxyIOContext.cpp:3376   HALC_IOContext_PauseIO(44055)
2026-06-07 17:01:41.962 Df KbpsLive[9196:1fe6583] (CoreAudio)   HALC_ProxyIOContext.cpp:1146   HALC_ProxyIOContext::PauseIO: -> 0 0 0, id:44054 called from HALC_IOContext_PauseIO
2026-06-07 17:01:41.962 Df KbpsLive[9196:1fe6585] (CoreAudio)   HALC_ProxyIOContext.cpp:3376   HALC_IOContext_PauseIO(44052)
2026-06-07 17:01:41.962 Df KbpsLive[9196:1fe6587] (CoreAudio)   HALC_ProxyIOContext.cpp:1146   HALC_ProxyIOContext::PauseIO: -> 0 0 0, id:44057 called from HALC_IOContext_PauseIO
2026-06-07 17:01:41.962 Df KbpsLive[9196:1fe6589] (CoreAudio)   HALC_ProxyIOContext.cpp:3376   HALC_IOContext_PauseIO(44051)
2026-06-07 17:01:41.962 Df KbpsLive[9196:1fe658a] (CoreAudio)   HALC_ProxyIOContext.cpp:1146   HALC_ProxyIOContext::PauseIO: -> 0 0 0, id:44058 called from HALC_IOContext_PauseIO
2026-06-07 17:01:41.962 Df KbpsLive[9196:1fe658c] (CoreAudio)   HALC_ProxyIOContext.cpp:1146   HALC_ProxyIOContext::PauseIO: -> 0 0 0, id:44049 called from HALC_IOContext_PauseIO
2026-06-07 17:01:41.962 Df KbpsLive[9196:1fe658e] (CoreAudio)   HALC_ProxyIOContext.cpp:1146   HALC_ProxyIOContext::PauseIO: -> 0 0 0, id:44050 called from HALC_IOContext_PauseIO
2026-06-07 17:01:41.962 Df KbpsLive[9196:1fe6590] (CoreAudio)   HALC_ProxyIOContext.cpp:1146   HALC_ProxyIOContext::PauseIO: -> 0 0 0, id:44048 called from HALC_IOContext_PauseIO
2026-06-07 17:01:41.962 Df KbpsLive[9196:1fe6592] (CoreAudio)   HALC_ProxyIOContext.cpp:3376   HALC_IOContext_PauseIO(44060)
2026-06-07 17:01:41.962 Df KbpsLive[9196:1fe6594] (CoreAudio)   HALC_ProxyIOContext.cpp:3376   HALC_IOContext_PauseIO(44059)
2026-06-07 17:01:41.962 Df KbpsLive[9196:1fe5dff] (CoreAudio)   HALC_ProxyIOContext.cpp:1146   HALC_ProxyIOContext::PauseIO: -> 0 0 0, id:44053 called from HALC_IOContext_PauseIO
2026-06-07 17:01:41.963 Df KbpsLive[9196:1fe6595] (CoreAudio)   HALC_ProxyIOContext.cpp:1146   HALC_ProxyIOContext::PauseIO: -> 0 0 0, id:44055 called from HALC_IOContext_PauseIO
2026-06-07 17:01:41.963 Df KbpsLive[9196:1fe6575] (CoreAudio)   HALC_ProxyIOContext.cpp:1146   HALC_ProxyIOContext::PauseIO: -> 0 0 0, id:44056 called from HALC_IOContext_PauseIO
2026-06-07 17:01:41.963 Df KbpsLive[9196:1fe6590] (CoreAudio)   HALC_ProxyIOContext.cpp:1159   HALC_ProxyIOContext::PauseIO: <- 0 1 1, id:44048 called from HALC_IOContext_PauseIO
2026-06-07 17:01:41.963 Df KbpsLive[9196:1fe658e] (CoreAudio)   HALC_ProxyIOContext.cpp:1159   HALC_ProxyIOContext::PauseIO: <- 0 1 1, id:44050 called from HALC_IOContext_PauseIO
2026-06-07 17:01:41.963 Df KbpsLive[9196:1fe6442] (CoreAudio)   HALC_ProxyIOContext.cpp:1146   HALC_ProxyIOContext::PauseIO: -> 0 0 0, id:44051 called from HALC_IOContext_PauseIO
2026-06-07 17:01:41.964 Df KbpsLive[9196:1fe6583] (CoreAudio)   HALC_ProxyIOContext.cpp:1159   HALC_ProxyIOContext::PauseIO: <- 0 1 1, id:44054 called from HALC_IOContext_PauseIO
2026-06-07 17:01:41.964 Df KbpsLive[9196:1fe658c] (CoreAudio)   HALC_ProxyIOContext.cpp:1159   HALC_ProxyIOContext::PauseIO: <- 0 1 1, id:44049 called from HALC_IOContext_PauseIO
2026-06-07 17:01:41.964 Df KbpsLive[9196:1fe6587] (CoreAudio)   HALC_ProxyIOContext.cpp:1159   HALC_ProxyIOContext::PauseIO: <- 0 1 1, id:44057 called from HALC_IOContext_PauseIO
2026-06-07 17:01:41.964 Df KbpsLive[9196:1fe658a] (CoreAudio)   HALC_ProxyIOContext.cpp:1159   HALC_ProxyIOContext::PauseIO: <- 0 1 1, id:44058 called from HALC_IOContext_PauseIO
2026-06-07 17:01:41.964 Df KbpsLive[9196:1fe6589] (CoreAudio)   HALC_ProxyIOContext.cpp:1146   HALC_ProxyIOContext::PauseIO: -> 0 0 0, id:44052 called from HALC_IOContext_PauseIO
2026-06-07 17:01:41.964 Df KbpsLive[9196:1fe6589] (CoreAudio)   HALC_ProxyIOContext.cpp:1159   HALC_ProxyIOContext::PauseIO: <- 0 1 1, id:44052 called from HALC_IOContext_PauseIO
2026-06-07 17:01:41.965 Df KbpsLive[9196:1fe6442] (CoreAudio)   HALC_ProxyIOContext.cpp:1159   HALC_ProxyIOContext::PauseIO: <- 0 1 1, id:44051 called from HALC_IOContext_PauseIO
2026-06-07 17:01:41.965 Df KbpsLive[9196:1fe6575] (CoreAudio)   HALC_ProxyIOContext.cpp:1159   HALC_ProxyIOContext::PauseIO: <- 0 1 1, id:44056 called from HALC_IOContext_PauseIO
2026-06-07 17:01:41.965 Df KbpsLive[9196:1fe6595] (CoreAudio)   HALC_ProxyIOContext.cpp:1159   HALC_ProxyIOContext::PauseIO: <- 0 1 1, id:44055 called from HALC_IOContext_PauseIO
2026-06-07 17:01:41.966 Df KbpsLive[9196:1fe5dff] (CoreAudio)   HALC_ProxyIOContext.cpp:1159   HALC_ProxyIOContext::PauseIO: <- 0 1 1, id:44053 called from HALC_IOContext_PauseIO
2026-06-07 17:01:41.966 Df KbpsLive[9196:1fe6595] (CoreAudio)   HALC_ProxyIOContext.cpp:1146   HALC_ProxyIOContext::PauseIO: -> 0 1 1, id:44059 called from HALC_IOContext_PauseIO
2026-06-07 17:01:41.966 Df KbpsLive[9196:1fe6595] (CoreAudio)   HALC_ProxyIOContext.cpp:1159   HALC_ProxyIOContext::PauseIO: <- 0 2 2, id:44059 called from HALC_IOContext_PauseIO
2026-06-07 17:01:41.966 Df KbpsLive[9196:1fe6592] (CoreAudio)   HALC_ProxyIOContext.cpp:1146   HALC_ProxyIOContext::PauseIO: -> 0 1 1, id:44060 called from HALC_IOContext_PauseIO
2026-06-07 17:01:41.966 Df KbpsLive[9196:1fe6592] (CoreAudio)   HALC_ProxyIOContext.cpp:1159   HALC_ProxyIOContext::PauseIO: <- 0 2 2, id:44060 called from HALC_IOContext_PauseIO
2026-06-07 17:17:45.600 E  KbpsLive[9196:1fe5dff] [com.apple.CFNetwork:Default] SocketStream read error [0x6000033e85a0]: 1 54
2026-06-07 17:17:45.607 Df KbpsLive[9196:1fe5dff] [com.apple.CFNetwork:Default] TCP Conn 0x6000033e85a0 canceled
2026-06-07 17:17:45.660 Df KbpsLive[9196:1fe6592] [com.apple.network:connection] [C149 FEE96ED6-C8CD-476B-B8F6-D808610B3097 Hostname#31cc1dee:8081 tcp, legacy-socket, definite, attribution: developer] cancel
2026-06-07 17:17:45.661 Df KbpsLive[9196:1fe6592] [com.apple.network:connection] [C149 FEE96ED6-C8CD-476B-B8F6-D808610B3097 Hostname#31cc1dee:8081 tcp, legacy-socket, definite, attribution: developer] cancelled
	[C149.1.1 0D562025-A930-4710-98C6-738AB107FCB9 ::1.58915<->IPv6#870d6aef.8081]
	Connected Path: satisfied (Path is satisfied), interface: lo0
	Privacy Stance: Not Eligible
	Duration: 1008.197s, DNS @0.000s took 0.001s, TCP @0.001s took 0.001s
	bytes in/out: 1137/26074, packets in/out: 55/55, rtt: 0.001s, retransmitted bytes: 0, out-of-order bytes: 0
	ecn packets sent/acked/marked/lost: 0/0/0/0
2026-06-07 17:17:45.661 E  KbpsLive[9196:1fe6592] [com.apple.network:connection] nw_protocol_socket_set_no_wake_from_sleep [C149.1.1:1] setsockopt SO_NOWAKEFROMSLEEP failed [22: Invalid argument]
2026-06-07 17:17:45.661 E  KbpsLive[9196:1fe6592] [com.apple.network:] nw_protocol_socket_set_no_wake_from_sleep setsockopt SO_NOWAKEFROMSLEEP failed [22: Invalid argument]
2026-06-07 17:17:45.661 E  KbpsLive[9196:1fe6592] [com.apple.network:connection] nw_protocol_socket_set_no_wake_from_sleep [C149.1.1:1] setsockopt SO_NOWAKEFROMSLEEP failed [22: Invalid argument]
2026-06-07 17:17:45.661 E  KbpsLive[9196:1fe6592] [com.apple.network:] nw_protocol_socket_set_no_wake_from_sleep setsockopt SO_NOWAKEFROMSLEEP failed [22: Invalid argument]
2026-06-07 17:17:45.661 Df KbpsLive[9196:1fe6592] [com.apple.network:connection] nw_connection_report_state_with_handler_on_nw_queue [C149] reporting state cancelled
2026-06-07 17:17:45.876 Df KbpsLive[9196:1fe6595] (CoreAudio)   HALC_ProxyIOContext.cpp:3410   HALC_IOContext_ResumeIO(44059)
2026-06-07 17:17:45.876 Df KbpsLive[9196:1fe6595] (CoreAudio)   HALC_ProxyIOContext.cpp:1193   HALC_ProxyIOContext::ResumeIO: -> 0 2 2 id:44059 called from HALC_IOContext_ResumeIO
2026-06-07 17:17:45.876 Df KbpsLive[9196:1fe6595] (CoreAudio)   HALC_ProxyIOContext.cpp:1210   HALC_ProxyIOContext::ResumeIO: <- 0 1 1 id:44059 called from HALC_IOContext_ResumeIO
2026-06-07 17:17:45.877 Df KbpsLive[9196:1fe6595] (CoreAudio)   HALC_ProxyIOContext.cpp:3410   HALC_IOContext_ResumeIO(44060)
2026-06-07 17:17:45.877 Df KbpsLive[9196:1fe6595] (CoreAudio)   HALC_ProxyIOContext.cpp:1193   HALC_ProxyIOContext::ResumeIO: -> 0 2 2 id:44060 called from HALC_IOContext_ResumeIO
2026-06-07 17:17:45.877 Df KbpsLive[9196:1fe6595] (CoreAudio)   HALC_ProxyIOContext.cpp:1210   HALC_ProxyIOContext::ResumeIO: <- 0 1 1 id:44060 called from HALC_IOContext_ResumeIO
2026-06-07 17:17:47.172 Df KbpsLive[9196:1fe6575] (CoreAudio)   HALC_ProxyIOContext.cpp:3410   HALC_IOContext_ResumeIO(44052)
2026-06-07 17:17:47.172 Df KbpsLive[9196:1fe6595] (CoreAudio)   HALC_ProxyIOContext.cpp:3410   HALC_IOContext_ResumeIO(44048)
2026-06-07 17:17:47.172 Df KbpsLive[9196:1fe5dff] (CoreAudio)   HALC_ProxyIOContext.cpp:3410   HALC_IOContext_ResumeIO(44049)
2026-06-07 17:17:47.172 Df KbpsLive[9196:1fe6592] (CoreAudio)   HALC_ProxyIOContext.cpp:3410   HALC_IOContext_ResumeIO(44050)
2026-06-07 17:17:47.172 Df KbpsLive[9196:1fe6442] (CoreAudio)   HALC_ProxyIOContext.cpp:3410   HALC_IOContext_ResumeIO(44060)
2026-06-07 17:17:47.172 Df KbpsLive[9196:1fe6590] (CoreAudio)   HALC_ProxyIOContext.cpp:3410   HALC_IOContext_ResumeIO(44058)
2026-06-07 17:17:47.172 Df KbpsLive[9196:1fe6592] (CoreAudio)   HALC_ProxyIOContext.cpp:3410   HALC_IOContext_ResumeIO(44057)
2026-06-07 17:17:47.172 Df KbpsLive[9196:1fe6595] (CoreAudio)   HALC_ProxyIOContext.cpp:1193   HALC_ProxyIOContext::ResumeIO: -> 0 1 1 id:44050 called from HALC_IOContext_ResumeIO
2026-06-07 17:17:47.172 Df KbpsLive[9196:1fe6594] (CoreAudio)   HALC_ProxyIOContext.cpp:1193   HALC_ProxyIOContext::ResumeIO: -> 0 1 1 id:44048 called from HALC_IOContext_ResumeIO
2026-06-07 17:17:47.172 Df KbpsLive[9196:1fe6590] (CoreAudio)   HALC_ProxyIOContext.cpp:3410   HALC_IOContext_ResumeIO(44051)
2026-06-07 17:17:47.172 Df KbpsLive[9196:1fe6592] (CoreAudio)   HALC_ProxyIOContext.cpp:3410   HALC_IOContext_ResumeIO(44056)
2026-06-07 17:17:47.172 Df KbpsLive[9196:1fe6575] (CoreAudio)   HALC_ProxyIOContext.cpp:3410   HALC_IOContext_ResumeIO(44054)
2026-06-07 17:17:47.172 Df KbpsLive[9196:1fe6442] (CoreAudio)   HALC_ProxyIOContext.cpp:3410   HALC_IOContext_ResumeIO(44055)
2026-06-07 17:17:47.172 Df KbpsLive[9196:1fe658e] (CoreAudio)   HALC_ProxyIOContext.cpp:3410   HALC_IOContext_ResumeIO(44053)
2026-06-07 17:17:47.172 Df KbpsLive[9196:1fe6583] (CoreAudio)   HALC_ProxyIOContext.cpp:1193   HALC_ProxyIOContext::ResumeIO: -> 0 1 1 id:44060 called from HALC_IOContext_ResumeIO
2026-06-07 17:17:47.172 Df KbpsLive[9196:1fe6589] (CoreAudio)   HALC_ProxyIOContext.cpp:1193   HALC_ProxyIOContext::ResumeIO: -> 0 1 1 id:44052 called from HALC_IOContext_ResumeIO
2026-06-07 17:17:47.172 Df KbpsLive[9196:1fe6587] (CoreAudio)   HALC_ProxyIOContext.cpp:1193   HALC_ProxyIOContext::ResumeIO: -> 0 1 1 id:44057 called from HALC_IOContext_ResumeIO
2026-06-07 17:17:47.172 Df KbpsLive[9196:1fe658a] (CoreAudio)   HALC_ProxyIOContext.cpp:1193   HALC_ProxyIOContext::ResumeIO: -> 0 1 1 id:44058 called from HALC_IOContext_ResumeIO
2026-06-07 17:17:47.172 Df KbpsLive[9196:1fe6585] (CoreAudio)   HALC_ProxyIOContext.cpp:3410   HALC_IOContext_ResumeIO(44059)
2026-06-07 17:17:47.172 Df KbpsLive[9196:1fe6594] (CoreAudio)   HALC_ProxyIOContext.cpp:1210   HALC_ProxyIOContext::ResumeIO: <- 0 0 0 id:44048 called from HALC_IOContext_ResumeIO
2026-06-07 17:17:47.173 Df KbpsLive[9196:1fe6592] (CoreAudio)   HALC_ProxyIOContext.cpp:1193   HALC_ProxyIOContext::ResumeIO: -> 0 1 1 id:44056 called from HALC_IOContext_ResumeIO
2026-06-07 17:17:47.173 Df KbpsLive[9196:1fe658c] (CoreAudio)   HALC_ProxyIOContext.cpp:1193   HALC_ProxyIOContext::ResumeIO: -> 0 1 1 id:44054 called from HALC_IOContext_ResumeIO
2026-06-07 17:17:47.173 Df KbpsLive[9196:1fe5dff] (CoreAudio)   HALC_ProxyIOContext.cpp:1193   HALC_ProxyIOContext::ResumeIO: -> 0 1 1 id:44049 called from HALC_IOContext_ResumeIO
2026-06-07 17:17:47.173 Df KbpsLive[9196:1fe658a] (CoreAudio)   HALC_ProxyIOContext.cpp:1210   HALC_ProxyIOContext::ResumeIO: <- 0 0 0 id:44058 called from HALC_IOContext_ResumeIO
2026-06-07 17:17:47.173 Df KbpsLive[9196:1fe6575] (CoreAudio)   HALC_ProxyIOContext.cpp:1193   HALC_ProxyIOContext::ResumeIO: -> 0 1 1 id:44053 called from HALC_IOContext_ResumeIO
2026-06-07 17:17:47.173 Df KbpsLive[9196:1fe658e] (CoreAudio)   HALC_ProxyIOContext.cpp:1193   HALC_ProxyIOContext::ResumeIO: -> 0 1 1 id:44055 called from HALC_IOContext_ResumeIO
2026-06-07 17:17:47.173 Df KbpsLive[9196:1fe6583] (CoreAudio)   HALC_ProxyIOContext.cpp:1210   HALC_ProxyIOContext::ResumeIO: <- 0 0 0 id:44060 called from HALC_IOContext_ResumeIO
2026-06-07 17:17:47.173 Df KbpsLive[9196:1fe6587] (CoreAudio)   HALC_ProxyIOContext.cpp:1210   HALC_ProxyIOContext::ResumeIO: <- 0 0 0 id:44057 called from HALC_IOContext_ResumeIO
2026-06-07 17:17:47.173 Df KbpsLive[9196:1fe6595] (CoreAudio)   HALC_ProxyIOContext.cpp:1210   HALC_ProxyIOContext::ResumeIO: <- 0 0 0 id:44050 called from HALC_IOContext_ResumeIO
2026-06-07 17:17:47.173 Df KbpsLive[9196:1fe6589] (CoreAudio)   HALC_ProxyIOContext.cpp:1210   HALC_ProxyIOContext::ResumeIO: <- 0 0 0 id:44052 called from HALC_IOContext_ResumeIO
2026-06-07 17:17:47.173 Df KbpsLive[9196:1fe6590] (CoreAudio)   HALC_ProxyIOContext.cpp:1193   HALC_ProxyIOContext::ResumeIO: -> 0 1 1 id:44051 called from HALC_IOContext_ResumeIO
2026-06-07 17:17:47.174 Df KbpsLive[9196:1fe6590] (CoreAudio)   HALC_ProxyIOContext.cpp:1210   HALC_ProxyIOContext::ResumeIO: <- 0 0 0 id:44051 called from HALC_IOContext_ResumeIO
2026-06-07 17:17:47.174 Df KbpsLive[9196:1fe658e] (CoreAudio)   HALC_ProxyIOContext.cpp:1210   HALC_ProxyIOContext::ResumeIO: <- 0 0 0 id:44055 called from HALC_IOContext_ResumeIO
2026-06-07 17:17:47.174 Df KbpsLive[9196:1fe6575] (CoreAudio)   HALC_ProxyIOContext.cpp:1210   HALC_ProxyIOContext::ResumeIO: <- 0 0 0 id:44053 called from HALC_IOContext_ResumeIO
2026-06-07 17:17:47.174 Df KbpsLive[9196:1fe5dff] (CoreAudio)   HALC_ProxyIOContext.cpp:1210   HALC_ProxyIOContext::ResumeIO: <- 0 0 0 id:44049 called from HALC_IOContext_ResumeIO
2026-06-07 17:17:47.175 Df KbpsLive[9196:1fe658c] (CoreAudio)   HALC_ProxyIOContext.cpp:1210   HALC_ProxyIOContext::ResumeIO: <- 0 0 0 id:44054 called from HALC_IOContext_ResumeIO
2026-06-07 17:17:47.175 Df KbpsLive[9196:1fe6592] (CoreAudio)   HALC_ProxyIOContext.cpp:1210   HALC_ProxyIOContext::ResumeIO: <- 0 0 0 id:44056 called from HALC_IOContext_ResumeIO
2026-06-07 17:17:47.175 Df KbpsLive[9196:1fe6585] (CoreAudio)   HALC_ProxyIOContext.cpp:1193   HALC_ProxyIOContext::ResumeIO: -> 0 1 1 id:44059 called from HALC_IOContext_ResumeIO
2026-06-07 17:17:47.175 Df KbpsLive[9196:1fe6585] (CoreAudio)   HALC_ProxyIOContext.cpp:1210   HALC_ProxyIOContext::ResumeIO: <- 0 0 0 id:44059 called from HALC_IOContext_ResumeIO
2026-06-07 17:17:47.698 Df KbpsLive[9196:1f9e90b] [com.apple.CFNetwork:Default] TCP Conn [150:0x600003324640] using empty proxy configuration
2026-06-07 17:17:47.698 Df KbpsLive[9196:1f9e90b] [com.apple.CFNetwork:Default] Stream client bypassing proxies on TCP Conn [150:0x600003324640]
2026-06-07 17:17:47.698 Df KbpsLive[9196:1f9e90b] [com.apple.CFNetwork:Default] TCP Conn 0x600003324640 started
2026-06-07 17:17:47.699 Df KbpsLive[9196:1fe6592] [com.apple.network:connection] [C150 EEB3D69E-E5D5-4AB0-AC6F-65915B2291E0 Hostname#31cc1dee:8081 tcp, definite, attribution: developer, context: Default Network Context (private), proc: B7D9E8DA-85FC-3E31-AD94-B1A9FD1976C8, delegated upid: 0, no proxy, prohibit fallback, allow socket access] start
2026-06-07 17:17:47.699 Df KbpsLive[9196:1fe6592] [com.apple.network:connection] [C150 Hostname#31cc1dee:8081 initial parent-flow ((null))] event: path:start @0.000s
2026-06-07 17:17:47.700 Df KbpsLive[9196:1fe6592] [com.apple.network:connection] [C150 Hostname#31cc1dee:8081 waiting parent-flow (satisfied (Path is satisfied), interface: en0[802.11], uses wifi, LQM: unknown)] event: path:satisfied @0.000s, uuid: 7523E3FF-D282-4FFE-8354-B2AF1C1BEA6F
2026-06-07 17:17:47.700 Df KbpsLive[9196:1fe6592] [com.apple.network:connection] [C150 Hostname#31cc1dee:8081 in_progress parent-flow (satisfied (Path is satisfied), interface: en0[802.11], uses wifi, LQM: unknown)] event: flow:start_connect @0.001s
2026-06-07 17:17:47.700 Df KbpsLive[9196:1fe6592] [com.apple.network:connection] nw_connection_report_state_with_handler_on_nw_queue [C150] reporting state preparing
2026-06-07 17:17:47.700 Df KbpsLive[9196:1fe6592] [com.apple.network:connection] [C150 Hostname#31cc1dee:8081 in_progress parent-flow (satisfied (Path is satisfied), interface: en0[802.11], uses wifi, LQM: unknown)] event: flow:start_child @0.001s
2026-06-07 17:17:47.701 Df KbpsLive[9196:1fe6592] [com.apple.network:connection] [C150.1 Hostname#31cc1dee:8081 initial path ((null))] event: path:start @0.001s
2026-06-07 17:17:47.701 Df KbpsLive[9196:1fe6592] [com.apple.network:connection] [C150.1 Hostname#31cc1dee:8081 waiting path (satisfied (Path is satisfied), interface: en0[802.11], uses wifi, LQM: unknown)] event: path:satisfied @0.001s, uuid: 7523E3FF-D282-4FFE-8354-B2AF1C1BEA6F
2026-06-07 17:17:47.701 Df KbpsLive[9196:1fe6592] [com.apple.network:connection] [C150.1 Hostname#31cc1dee:8081 in_progress resolver (satisfied (Path is satisfied), interface: en0[802.11], uses wifi, LQM: unknown)] event: resolver:start_dns @0.001s
2026-06-07 17:17:47.704 Df KbpsLive[9196:1fe6592] [com.apple.network:connection] nw_endpoint_resolver_update [C150.1 Hostname#31cc1dee:8081 in_progress resolver (satisfied (Path is satisfied), interface: en0[802.11], uses wifi, LQM: unknown)] Adding endpoint handler for IPv6#870d6aef.8081
2026-06-07 17:17:47.704 Df KbpsLive[9196:1fe6592] [com.apple.network:connection] nw_endpoint_resolver_update [C150.1 Hostname#31cc1dee:8081 in_progress resolver (satisfied (Path is satisfied), interface: en0[802.11], uses wifi, LQM: unknown)] Adding endpoint handler for IPv4#38e67494:8081
2026-06-07 17:17:47.705 Df KbpsLive[9196:1fe6592] [com.apple.network:connection] [C150.1 Hostname#31cc1dee:8081 in_progress resolver (satisfied (Path is satisfied), interface: en0[802.11], uses wifi, LQM: unknown)] event: resolver:receive_dns @0.005s
2026-06-07 17:17:47.705 Df KbpsLive[9196:1fe6592] [com.apple.network:connection] [C150.1.1 IPv6#870d6aef.8081 initial path ((null))] event: path:start @0.005s
2026-06-07 17:17:47.705 Df KbpsLive[9196:1fe6592] [com.apple.network:connection] [C150.1.1 IPv6#870d6aef.8081 waiting path (satisfied (Path is satisfied), interface: lo0)] event: path:satisfied @0.005s, uuid: 0D562025-A930-4710-98C6-738AB107FCB9
2026-06-07 17:17:47.705 Df KbpsLive[9196:1fe6592] [com.apple.network:connection] nw_socket_initialize_socket [C150.1.1:1] Not guarding fd 11
2026-06-07 17:17:47.705 Df KbpsLive[9196:1fe6592] [com.apple.network:connection] [C150.1.1 IPv6#870d6aef.8081 in_progress socket-flow (satisfied (Path is satisfied), interface: lo0)] event: flow:start_connect @0.005s
2026-06-07 17:17:47.705 Df KbpsLive[9196:1fe6592] [com.apple.network:connection] nw_socket_handle_socket_event [C150.1.1:1] Socket received CONNECTED event
2026-06-07 17:17:47.706 Df KbpsLive[9196:1fe6592] [com.apple.network:connection] nw_flow_connected [C150.1.1 IPv6#870d6aef.8081 in_progress socket-flow (satisfied (Path is satisfied), interface: lo0)] Output protocol connected (socket)
2026-06-07 17:17:47.706 Df KbpsLive[9196:1fe6592] [com.apple.network:connection] [C150.1.1 IPv6#870d6aef.8081 ready socket-flow (satisfied (Path is satisfied), interface: lo0)] event: flow:child_finish_connect @0.006s
2026-06-07 17:17:47.706 Df KbpsLive[9196:1fe6592] [com.apple.network:connection] [C150.1 Hostname#31cc1dee:8081 ready resolver (satisfied (Path is satisfied), interface: en0[802.11], uses wifi, LQM: unknown)] event: flow:child_finish_connect @0.006s
2026-06-07 17:17:47.706 Df KbpsLive[9196:1fe6592] [com.apple.network:connection] nw_flow_connected [C150 IPv6#870d6aef.8081 in_progress parent-flow (satisfied (Path is satisfied), interface: en0[802.11], uses wifi, LQM: unknown)] Output protocol connected (endpoint_flow)
2026-06-07 17:17:47.706 Df KbpsLive[9196:1fe6592] [com.apple.network:connection] [C150 IPv6#870d6aef.8081 ready parent-flow (satisfied (Path is satisfied), interface: en0[802.11], uses wifi, LQM: unknown)] event: flow:finish_connect @0.006s
2026-06-07 17:17:47.706 Df KbpsLive[9196:1fe6592] [com.apple.network:connection] nw_connection_report_state_with_handler_on_nw_queue [C150] reporting state ready
2026-06-07 17:17:47.706 Df KbpsLive[9196:1fe6585] [com.apple.CFNetwork:Default] TCP Conn 0x600003324640 event 1. err: 0
2026-06-07 17:17:47.706 Df KbpsLive[9196:1fe6585] [com.apple.CFNetwork:Default] TCP Conn 0x600003324640 complete. fd: 14, err: 0
2026-06-07 17:17:47.871 Df KbpsLive[9196:1fe6585] (CoreAudio)   HALC_ProxyIOContext.cpp:3376   HALC_IOContext_PauseIO(44059)
2026-06-07 17:17:47.871 Df KbpsLive[9196:1fe6585] (CoreAudio)   HALC_ProxyIOContext.cpp:1146   HALC_ProxyIOContext::PauseIO: -> 0 0 0, id:44059 called from HALC_IOContext_PauseIO
2026-06-07 17:17:47.871 Df KbpsLive[9196:1fe6585] (CoreAudio)   HALC_ProxyIOContext.cpp:1159   HALC_ProxyIOContext::PauseIO: <- 0 1 1, id:44059 called from HALC_IOContext_PauseIO
2026-06-07 17:17:47.977 Df KbpsLive[9196:1fe6592] (CoreAudio)   HALC_ProxyIOContext.cpp:3376   HALC_IOContext_PauseIO(44060)
2026-06-07 17:17:47.977 Df KbpsLive[9196:1fe6592] (CoreAudio)   HALC_ProxyIOContext.cpp:1146   HALC_ProxyIOContext::PauseIO: -> 0 0 0, id:44060 called from HALC_IOContext_PauseIO
2026-06-07 17:17:47.977 Df KbpsLive[9196:1fe6592] (CoreAudio)   HALC_ProxyIOContext.cpp:1159   HALC_ProxyIOContext::PauseIO: <- 0 1 1, id:44060 called from HALC_IOContext_PauseIO
2026-06-07 17:17:49.188 Df KbpsLive[9196:1fe6592] (CoreAudio)   HALC_ProxyIOContext.cpp:3376   HALC_IOContext_PauseIO(44048)
2026-06-07 17:17:49.188 Df KbpsLive[9196:1fe6592] (CoreAudio)   HALC_ProxyIOContext.cpp:3376   HALC_IOContext_PauseIO(44050)
2026-06-07 17:17:49.189 Df KbpsLive[9196:1fe6585] (CoreAudio)   HALC_ProxyIOContext.cpp:3376   HALC_IOContext_PauseIO(44049)
2026-06-07 17:17:49.189 Df KbpsLive[9196:1fe6592] (CoreAudio)   HALC_ProxyIOContext.cpp:3376   HALC_IOContext_PauseIO(44054)
2026-06-07 17:17:49.189 Df KbpsLive[9196:1fe6592] (CoreAudio)   HALC_ProxyIOContext.cpp:3376   HALC_IOContext_PauseIO(44052)
2026-06-07 17:17:49.189 Df KbpsLive[9196:1fe6585] (CoreAudio)   HALC_ProxyIOContext.cpp:3376   HALC_IOContext_PauseIO(44053)
2026-06-07 17:17:49.189 Df KbpsLive[9196:1fe6592] (CoreAudio)   HALC_ProxyIOContext.cpp:3376   HALC_IOContext_PauseIO(44051)
2026-06-07 17:17:49.189 Df KbpsLive[9196:1fe6585] (CoreAudio)   HALC_ProxyIOContext.cpp:1146   HALC_ProxyIOContext::PauseIO: -> 0 0 0, id:44053 called from HALC_IOContext_PauseIO
2026-06-07 17:17:49.189 Df KbpsLive[9196:1fe6594] (CoreAudio)   HALC_ProxyIOContext.cpp:1146   HALC_ProxyIOContext::PauseIO: -> 0 0 0, id:44052 called from HALC_IOContext_PauseIO
2026-06-07 17:17:49.189 Df KbpsLive[9196:1fe658c] (CoreAudio)   HALC_ProxyIOContext.cpp:1146   HALC_ProxyIOContext::PauseIO: -> 0 0 0, id:44049 called from HALC_IOContext_PauseIO
2026-06-07 17:17:49.189 Df KbpsLive[9196:1fe5dff] (CoreAudio)   HALC_ProxyIOContext.cpp:1146   HALC_ProxyIOContext::PauseIO: -> 0 0 0, id:44054 called from HALC_IOContext_PauseIO
2026-06-07 17:17:49.189 Df KbpsLive[9196:1fe658a] (CoreAudio)   HALC_ProxyIOContext.cpp:1146   HALC_ProxyIOContext::PauseIO: -> 0 0 0, id:44050 called from HALC_IOContext_PauseIO
2026-06-07 17:17:49.189 Df KbpsLive[9196:1fe6575] (CoreAudio)   HALC_ProxyIOContext.cpp:1146   HALC_ProxyIOContext::PauseIO: -> 0 0 0, id:44048 called from HALC_IOContext_PauseIO
2026-06-07 17:17:49.189 Df KbpsLive[9196:1fe658e] (CoreAudio)   HALC_ProxyIOContext.cpp:3376   HALC_IOContext_PauseIO(44058)
2026-06-07 17:17:49.189 Df KbpsLive[9196:1fe6583] (CoreAudio)   HALC_ProxyIOContext.cpp:3376   HALC_IOContext_PauseIO(44057)
2026-06-07 17:17:49.189 Df KbpsLive[9196:1fe6590] (CoreAudio)   HALC_ProxyIOContext.cpp:3376   HALC_IOContext_PauseIO(44060)
2026-06-07 17:17:49.189 Df KbpsLive[9196:1fe6595] (CoreAudio)   HALC_ProxyIOContext.cpp:3376   HALC_IOContext_PauseIO(44056)
2026-06-07 17:17:49.189 Df KbpsLive[9196:1fe6589] (CoreAudio)   HALC_ProxyIOContext.cpp:3376   HALC_IOContext_PauseIO(44059)
2026-06-07 17:17:49.189 Df KbpsLive[9196:1fe6442] (CoreAudio)   HALC_ProxyIOContext.cpp:3376   HALC_IOContext_PauseIO(44055)
2026-06-07 17:17:49.189 Df KbpsLive[9196:1fe6592] (CoreAudio)   HALC_ProxyIOContext.cpp:1146   HALC_ProxyIOContext::PauseIO: -> 0 0 0, id:44051 called from HALC_IOContext_PauseIO
2026-06-07 17:17:49.190 Df KbpsLive[9196:1fe6594] (CoreAudio)   HALC_ProxyIOContext.cpp:1159   HALC_ProxyIOContext::PauseIO: <- 0 1 1, id:44052 called from HALC_IOContext_PauseIO
2026-06-07 17:17:49.190 Df KbpsLive[9196:1fe6585] (CoreAudio)   HALC_ProxyIOContext.cpp:1159   HALC_ProxyIOContext::PauseIO: <- 0 1 1, id:44053 called from HALC_IOContext_PauseIO
2026-06-07 17:17:49.190 Df KbpsLive[9196:1fe6595] (CoreAudio)   HALC_ProxyIOContext.cpp:1146   HALC_ProxyIOContext::PauseIO: -> 0 0 0, id:44056 called from HALC_IOContext_PauseIO
2026-06-07 17:17:49.190 Df KbpsLive[9196:1fe6590] (CoreAudio)   HALC_ProxyIOContext.cpp:1146   HALC_ProxyIOContext::PauseIO: -> 0 1 1, id:44060 called from HALC_IOContext_PauseIO
2026-06-07 17:17:49.190 Df KbpsLive[9196:1fe6575] (CoreAudio)   HALC_ProxyIOContext.cpp:1159   HALC_ProxyIOContext::PauseIO: <- 0 1 1, id:44048 called from HALC_IOContext_PauseIO
2026-06-07 17:17:49.190 Df KbpsLive[9196:1fe658a] (CoreAudio)   HALC_ProxyIOContext.cpp:1159   HALC_ProxyIOContext::PauseIO: <- 0 1 1, id:44050 called from HALC_IOContext_PauseIO
2026-06-07 17:17:49.190 Df KbpsLive[9196:1fe6587] (CoreAudio)   HALC_ProxyIOContext.cpp:1146   HALC_ProxyIOContext::PauseIO: -> 0 0 0, id:44057 called from HALC_IOContext_PauseIO
2026-06-07 17:17:49.191 Df KbpsLive[9196:1fe5dff] (CoreAudio)   HALC_ProxyIOContext.cpp:1159   HALC_ProxyIOContext::PauseIO: <- 0 1 1, id:44054 called from HALC_IOContext_PauseIO
2026-06-07 17:17:49.191 Df KbpsLive[9196:1fe658e] (CoreAudio)   HALC_ProxyIOContext.cpp:1146   HALC_ProxyIOContext::PauseIO: -> 0 0 0, id:44058 called from HALC_IOContext_PauseIO
2026-06-07 17:17:49.191 Df KbpsLive[9196:1fe658c] (CoreAudio)   HALC_ProxyIOContext.cpp:1159   HALC_ProxyIOContext::PauseIO: <- 0 1 1, id:44049 called from HALC_IOContext_PauseIO
2026-06-07 17:17:49.191 Df KbpsLive[9196:1fe658e] (CoreAudio)   HALC_ProxyIOContext.cpp:1159   HALC_ProxyIOContext::PauseIO: <- 0 1 1, id:44058 called from HALC_IOContext_PauseIO
2026-06-07 17:17:49.191 Df KbpsLive[9196:1fe6587] (CoreAudio)   HALC_ProxyIOContext.cpp:1159   HALC_ProxyIOContext::PauseIO: <- 0 1 1, id:44057 called from HALC_IOContext_PauseIO
2026-06-07 17:17:49.192 Df KbpsLive[9196:1fe6590] (CoreAudio)   HALC_ProxyIOContext.cpp:1159   HALC_ProxyIOContext::PauseIO: <- 0 2 2, id:44060 called from HALC_IOContext_PauseIO
2026-06-07 17:17:49.192 Df KbpsLive[9196:1fe6595] (CoreAudio)   HALC_ProxyIOContext.cpp:1159   HALC_ProxyIOContext::PauseIO: <- 0 1 1, id:44056 called from HALC_IOContext_PauseIO
2026-06-07 17:17:49.192 Df KbpsLive[9196:1fe6592] (CoreAudio)   HALC_ProxyIOContext.cpp:1159   HALC_ProxyIOContext::PauseIO: <- 0 1 1, id:44051 called from HALC_IOContext_PauseIO
2026-06-07 17:17:49.192 Df KbpsLive[9196:1fe6594] (CoreAudio)   HALC_ProxyIOContext.cpp:1146   HALC_ProxyIOContext::PauseIO: -> 0 0 0, id:44055 called from HALC_IOContext_PauseIO
2026-06-07 17:17:49.193 Df KbpsLive[9196:1fe6594] (CoreAudio)   HALC_ProxyIOContext.cpp:1159   HALC_ProxyIOContext::PauseIO: <- 0 1 1, id:44055 called from HALC_IOContext_PauseIO
2026-06-07 17:17:49.193 Df KbpsLive[9196:1fe6589] (CoreAudio)   HALC_ProxyIOContext.cpp:1146   HALC_ProxyIOContext::PauseIO: -> 0 1 1, id:44059 called from HALC_IOContext_PauseIO
2026-06-07 17:17:49.193 Df KbpsLive[9196:1fe6589] (CoreAudio)   HALC_ProxyIOContext.cpp:1159   HALC_ProxyIOContext::PauseIO: <- 0 2 2, id:44059 called from HALC_IOContext_PauseIO
2026-06-07 17:18:28.975 Df KbpsLive[9196:1fe6589] (CoreAudio)   HALC_ProxyIOContext.cpp:3410   HALC_IOContext_ResumeIO(44060)
2026-06-07 17:18:28.975 Df KbpsLive[9196:1fe6589] (CoreAudio)   HALC_ProxyIOContext.cpp:1193   HALC_ProxyIOContext::ResumeIO: -> 0 2 2 id:44060 called from HALC_IOContext_ResumeIO
2026-06-07 17:18:28.975 Df KbpsLive[9196:1fe6589] (CoreAudio)   HALC_ProxyIOContext.cpp:1210   HALC_ProxyIOContext::ResumeIO: <- 0 1 1 id:44060 called from HALC_IOContext_ResumeIO
2026-06-07 17:18:28.979 Df KbpsLive[9196:1fe6589] (CoreAudio)   HALC_ProxyIOContext.cpp:3410   HALC_IOContext_ResumeIO(44059)
2026-06-07 17:18:28.979 Df KbpsLive[9196:1fe6589] (CoreAudio)   HALC_ProxyIOContext.cpp:1193   HALC_ProxyIOContext::ResumeIO: -> 0 2 2 id:44059 called from HALC_IOContext_ResumeIO
2026-06-07 17:18:28.979 Df KbpsLive[9196:1fe6589] (CoreAudio)   HALC_ProxyIOContext.cpp:1210   HALC_ProxyIOContext::ResumeIO: <- 0 1 1 id:44059 called from HALC_IOContext_ResumeIO
2026-06-07 17:18:30.328 Df KbpsLive[9196:1fe6589] (CoreAudio)   HALC_ProxyIOContext.cpp:3410   HALC_IOContext_ResumeIO(44048)
2026-06-07 17:18:30.328 Df KbpsLive[9196:1fe6589] (CoreAudio)   HALC_ProxyIOContext.cpp:3410   HALC_IOContext_ResumeIO(44052)
2026-06-07 17:18:30.328 Df KbpsLive[9196:1fe6592] (CoreAudio)   HALC_ProxyIOContext.cpp:3410   HALC_IOContext_ResumeIO(44050)
2026-06-07 17:18:30.328 Df KbpsLive[9196:1fe6589] (CoreAudio)   HALC_ProxyIOContext.cpp:3410   HALC_IOContext_ResumeIO(44049)
2026-06-07 17:18:30.328 Df KbpsLive[9196:1fe6589] (CoreAudio)   HALC_ProxyIOContext.cpp:3410   HALC_IOContext_ResumeIO(44058)
2026-06-07 17:18:30.328 Df KbpsLive[9196:1fe6589] (CoreAudio)   HALC_ProxyIOContext.cpp:3410   HALC_IOContext_ResumeIO(44057)
2026-06-07 17:18:30.328 Df KbpsLive[9196:1fe6592] (CoreAudio)   HALC_ProxyIOContext.cpp:3410   HALC_IOContext_ResumeIO(44051)
2026-06-07 17:18:30.328 Df KbpsLive[9196:1fe6589] (CoreAudio)   HALC_ProxyIOContext.cpp:3410   HALC_IOContext_ResumeIO(44056)
2026-06-07 17:18:30.328 Df KbpsLive[9196:1fe6594] (CoreAudio)   HALC_ProxyIOContext.cpp:3410   HALC_IOContext_ResumeIO(44054)
2026-06-07 17:18:30.328 Df KbpsLive[9196:1fe6442] (CoreAudio)   HALC_ProxyIOContext.cpp:3410   HALC_IOContext_ResumeIO(44053)
2026-06-07 17:18:30.329 Df KbpsLive[9196:1fe6585] (CoreAudio)   HALC_ProxyIOContext.cpp:1193   HALC_ProxyIOContext::ResumeIO: -> 0 1 1 id:44057 called from HALC_IOContext_ResumeIO
2026-06-07 17:18:30.329 Df KbpsLive[9196:1fe6595] (CoreAudio)   HALC_ProxyIOContext.cpp:3410   HALC_IOContext_ResumeIO(44055)
2026-06-07 17:18:30.329 Df KbpsLive[9196:1fe6590] (CoreAudio)   HALC_ProxyIOContext.cpp:1193   HALC_ProxyIOContext::ResumeIO: -> 0 1 1 id:44050 called from HALC_IOContext_ResumeIO
2026-06-07 17:18:30.329 Df KbpsLive[9196:1fe6575] (CoreAudio)   HALC_ProxyIOContext.cpp:1193   HALC_ProxyIOContext::ResumeIO: -> 0 1 1 id:44058 called from HALC_IOContext_ResumeIO
2026-06-07 17:18:30.329 Df KbpsLive[9196:1fe6587] (CoreAudio)   HALC_ProxyIOContext.cpp:1193   HALC_ProxyIOContext::ResumeIO: -> 0 1 1 id:44049 called from HALC_IOContext_ResumeIO
2026-06-07 17:18:30.329 Df KbpsLive[9196:1fe5dff] (CoreAudio)   HALC_ProxyIOContext.cpp:1193   HALC_ProxyIOContext::ResumeIO: -> 0 1 1 id:44052 called from HALC_IOContext_ResumeIO
2026-06-07 17:18:30.329 Df KbpsLive[9196:1fe658e] (CoreAudio)   HALC_ProxyIOContext.cpp:1193   HALC_ProxyIOContext::ResumeIO: -> 0 1 1 id:44048 called from HALC_IOContext_ResumeIO
2026-06-07 17:18:30.329 Df KbpsLive[9196:1fe6583] (CoreAudio)   HALC_ProxyIOContext.cpp:3410   HALC_IOContext_ResumeIO(44059)
2026-06-07 17:18:30.329 Df KbpsLive[9196:1fe658c] (CoreAudio)   HALC_ProxyIOContext.cpp:3410   HALC_IOContext_ResumeIO(44060)
2026-06-07 17:18:30.329 Df KbpsLive[9196:1fe6592] (CoreAudio)   HALC_ProxyIOContext.cpp:1193   HALC_ProxyIOContext::ResumeIO: -> 0 1 1 id:44051 called from HALC_IOContext_ResumeIO
2026-06-07 17:18:30.329 Df KbpsLive[9196:1fe658a] (CoreAudio)   HALC_ProxyIOContext.cpp:1193   HALC_ProxyIOContext::ResumeIO: -> 0 1 1 id:44056 called from HALC_IOContext_ResumeIO
2026-06-07 17:18:30.329 Df KbpsLive[9196:1fe6442] (CoreAudio)   HALC_ProxyIOContext.cpp:1193   HALC_ProxyIOContext::ResumeIO: -> 0 1 1 id:44053 called from HALC_IOContext_ResumeIO
2026-06-07 17:18:30.329 Df KbpsLive[9196:1fe6589] (CoreAudio)   HALC_ProxyIOContext.cpp:1193   HALC_ProxyIOContext::ResumeIO: -> 0 1 1 id:44054 called from HALC_IOContext_ResumeIO
2026-06-07 17:18:30.329 Df KbpsLive[9196:1fe6583] (CoreAudio)   HALC_ProxyIOContext.cpp:1193   HALC_ProxyIOContext::ResumeIO: -> 0 1 1 id:44059 called from HALC_IOContext_ResumeIO
2026-06-07 17:18:30.329 Df KbpsLive[9196:1fe658e] (CoreAudio)   HALC_ProxyIOContext.cpp:1210   HALC_ProxyIOContext::ResumeIO: <- 0 0 0 id:44048 called from HALC_IOContext_ResumeIO
2026-06-07 17:18:30.330 Df KbpsLive[9196:1fe6575] (CoreAudio)   HALC_ProxyIOContext.cpp:1210   HALC_ProxyIOContext::ResumeIO: <- 0 0 0 id:44058 called from HALC_IOContext_ResumeIO
2026-06-07 17:18:30.330 Df KbpsLive[9196:1fe6590] (CoreAudio)   HALC_ProxyIOContext.cpp:1210   HALC_ProxyIOContext::ResumeIO: <- 0 0 0 id:44050 called from HALC_IOContext_ResumeIO
2026-06-07 17:18:30.330 Df KbpsLive[9196:1fe5dff] (CoreAudio)   HALC_ProxyIOContext.cpp:1210   HALC_ProxyIOContext::ResumeIO: <- 0 0 0 id:44052 called from HALC_IOContext_ResumeIO
2026-06-07 17:18:30.330 Df KbpsLive[9196:1fe6585] (CoreAudio)   HALC_ProxyIOContext.cpp:1210   HALC_ProxyIOContext::ResumeIO: <- 0 0 0 id:44057 called from HALC_IOContext_ResumeIO
2026-06-07 17:18:30.330 Df KbpsLive[9196:1fe6587] (CoreAudio)   HALC_ProxyIOContext.cpp:1210   HALC_ProxyIOContext::ResumeIO: <- 0 0 0 id:44049 called from HALC_IOContext_ResumeIO
2026-06-07 17:18:30.330 Df KbpsLive[9196:1fe6595] (CoreAudio)   HALC_ProxyIOContext.cpp:1193   HALC_ProxyIOContext::ResumeIO: -> 0 1 1 id:44055 called from HALC_IOContext_ResumeIO
2026-06-07 17:18:30.330 Df KbpsLive[9196:1fe6595] (CoreAudio)   HALC_ProxyIOContext.cpp:1210   HALC_ProxyIOContext::ResumeIO: <- 0 0 0 id:44055 called from HALC_IOContext_ResumeIO
2026-06-07 17:18:30.331 Df KbpsLive[9196:1fe6583] (CoreAudio)   HALC_ProxyIOContext.cpp:1210   HALC_ProxyIOContext::ResumeIO: <- 0 0 0 id:44059 called from HALC_IOContext_ResumeIO
2026-06-07 17:18:30.331 Df KbpsLive[9196:1fe6589] (CoreAudio)   HALC_ProxyIOContext.cpp:1210   HALC_ProxyIOContext::ResumeIO: <- 0 0 0 id:44054 called from HALC_IOContext_ResumeIO
2026-06-07 17:18:30.331 Df KbpsLive[9196:1fe6442] (CoreAudio)   HALC_ProxyIOContext.cpp:1210   HALC_ProxyIOContext::ResumeIO: <- 0 0 0 id:44053 called from HALC_IOContext_ResumeIO
2026-06-07 17:18:30.331 Df KbpsLive[9196:1fe658a] (CoreAudio)   HALC_ProxyIOContext.cpp:1210   HALC_ProxyIOContext::ResumeIO: <- 0 0 0 id:44056 called from HALC_IOContext_ResumeIO
2026-06-07 17:18:30.332 Df KbpsLive[9196:1fe6592] (CoreAudio)   HALC_ProxyIOContext.cpp:1210   HALC_ProxyIOContext::ResumeIO: <- 0 0 0 id:44051 called from HALC_IOContext_ResumeIO
2026-06-07 17:18:30.332 Df KbpsLive[9196:1fe658a] (CoreAudio)   HALC_ProxyIOContext.cpp:1193   HALC_ProxyIOContext::ResumeIO: -> 0 1 1 id:44060 called from HALC_IOContext_ResumeIO
2026-06-07 17:18:30.332 Df KbpsLive[9196:1fe658a] (CoreAudio)   HALC_ProxyIOContext.cpp:1210   HALC_ProxyIOContext::ResumeIO: <- 0 0 0 id:44060 called from HALC_IOContext_ResumeIO
2026-06-07 17:18:32.414 Df KbpsLive[9196:1fe6592] [com.apple.coreaudio:as_client] AVAudioSessionImpl_Simulator.mm:111   Set volume on device 123 to 0.60
2026-06-07 17:18:32.417 Df KbpsLive[9196:1fe6592] [com.apple.coreaudio:as_client] AVAudioSessionImpl_Simulator.mm:111   Set volume on device 123 to 0.60
2026-06-07 17:18:32.460 Df KbpsLive[9196:1fe6592] [com.apple.coreaudio:as_client] AVAudioSessionImpl_Simulator.mm:111   Set volume on device 123 to 0.60
2026-06-07 17:18:32.461 Df KbpsLive[9196:1fe6592] [com.apple.coreaudio:as_client] AVAudioSessionImpl_Simulator.mm:111   Set volume on device 123 to 0.60
2026-06-07 17:18:32.503 Df KbpsLive[9196:1fe6592] [com.apple.coreaudio:as_client] AVAudioSessionImpl_Simulator.mm:111   Set volume on device 123 to 0.60
2026-06-07 17:18:32.507 Df KbpsLive[9196:1fe6592] [com.apple.coreaudio:as_client] AVAudioSessionImpl_Simulator.mm:111   Set volume on device 123 to 0.60
2026-06-07 17:25:47.775 Df KbpsLive[9196:1f9e90b] [com.apple.UIKit:AppLifecycle] sceneOfRecord: sceneID: sceneID:com.firstdivisioncaptain.KbpsLive-default  persistentID: 8C415558-61F5-4746-91E5-42E93798631D
